<?xml version="1.0" encoding="UTF-8"?>
<testsuite name="is.ru.ticTacToeGame.playerTest" tests="1" skipped="0" failures="0" errors="0" timestamp="2014-11-04T13:30:26" hostname="Alienware" time="0.0">
  <properties/>
  <testcase name="testPlayer" classname="is.ru.ticTacToeGame.playerTest" time="0.0"/>
  <system-out><![CDATA[]]></system-out>
  <system-err><![CDATA[]]></system-err>
</testsuite>
