<?xml version="1.0" encoding="UTF-8"?>
<testsuite name="is.ru.ticTacToeGame.GameTest" tests="2" skipped="0" failures="0" errors="0" timestamp="2014-11-04T13:30:26" hostname="Alienware" time="0.039">
  <properties/>
  <testcase name="testPlayGame" classname="is.ru.ticTacToeGame.GameTest" time="0.039"/>
  <testcase name="testConstructor" classname="is.ru.ticTacToeGame.GameTest" time="0.0"/>
  <system-out><![CDATA[X| | 
-----
 | | 
-----
 | | 
X| | 
-----
O| | 
-----
 | | 
X|X| 
-----
O| | 
-----
 | | 
X|X| 
-----
O| | 
-----
 | |O
Player 1 wins
Player 1 points: 1
Player 2 points: 0
 | | 
-----
 | | 
-----
 | | 
X| | 
-----
 | | 
-----
 | | 
X| | 
-----
O| | 
-----
 | | 
X|X| 
-----
O| | 
-----
 | | 
X|X| 
-----
O| | 
-----
 | |O
Player 1 wins
Player 1 points: 1
Player 2 points: 0
 | | 
-----
 | | 
-----
 | | 
X| | 
-----
 | | 
-----
 | | 
X| |O
-----
 | | 
-----
 | | 
X| |O
-----
X| | 
-----
 | | 
X| |O
-----
X|O| 
-----
 | | 
X| |O
-----
X|O| 
-----
 | |X
Player 2 wins
Player 1 points: 1
Player 2 points: 1
 | | 
-----
 | | 
-----
 | | 
X| | 
-----
 | | 
-----
 | | 
X|O| 
-----
 | | 
-----
 | | 
X|O| 
-----
 |X| 
-----
 | | 
X|O| 
-----
 |X| 
-----
 | |O
X|O| 
-----
 |X|X
-----
 | |O
X|O| 
-----
O|X|X
-----
 | |O
X|O|X
-----
O|X|X
-----
 | |O
X|O|X
-----
O|X|X
-----
O| |O
It's a tie
Player 1 points: 0
Player 2 points: 0
 | | 
-----
 | | 
-----
 | | 
X| | 
-----
 | | 
-----
 | | 
X| | 
-----
O| | 
-----
 | | 
X| | 
-----
O| | 
-----
 | | 
X| | 
-----
O| | 
-----
 | | 
X|X| 
-----
O| | 
-----
 | | 
X|X| 
-----
O| | 
-----
 | | 
X|X| 
-----
O| | 
-----
 | |O
X|X| 
-----
O| | 
-----
 | |O
Player 1 wins
Player 1 points: 1
Player 2 points: 0
 | | 
-----
 | | 
-----
 | | 
]]></system-out>
  <system-err><![CDATA[]]></system-err>
</testsuite>
